<?xml version="1.0" encoding="UTF-8"?>
<!-- Generated by org.testng.reporters.JUnitXMLReporter -->
<testsuite ignored="0" hostname="Purva" failures="0" tests="6" name="Default test" time="6.629" errors="0" timestamp="2024-09-30T16:26:07 GMT-07:00">
  <testcase classname="api.test.DDTests" name="testPostUser" time="2.599"/>
  <testcase classname="api.test.DDTests" name="testPostUser" time="0.543"/>
  <testcase classname="api.test.DDTests" name="testPostUser" time="0.427"/>
  <testcase classname="api.test.DDTests" name="testDeleteUserByName" time="0.477"/>
  <testcase classname="api.test.DDTests" name="testDeleteUserByName" time="0.427"/>
  <testcase classname="api.test.DDTests" name="testDeleteUserByName" time="0.41"/>
</testsuite> <!-- Default test -->
