<?xml version="1.0" encoding="UTF-8"?>
<testng-results ignored="0" total="4" passed="4" failed="0" skipped="0">
  <reporter-output>
  </reporter-output>
  <suite started-at="2024-09-30T17:28:03 GMT-07:00" name="PetSuite" finished-at="2024-09-30T17:28:07 GMT-07:00" duration-ms="4883">
    <groups>
    </groups>
    <test started-at="2024-09-30T17:28:03 GMT-07:00" name="PetTest" finished-at="2024-09-30T17:28:07 GMT-07:00" duration-ms="4883">
      <class name="api.test.UserTests">
        <test-method is-config="true" signature="setupData()[pri:0, instance:api.test.UserTests@1d9b7cce]" started-at="2024-09-30T17:28:03 GMT-07:00" name="setupData" finished-at="2024-09-30T17:28:04 GMT-07:00" duration-ms="700" status="PASS">
          <reporter-output>
          </reporter-output>
        </test-method> <!-- setupData -->
        <test-method signature="testPostUser()[pri:1, instance:api.test.UserTests@1d9b7cce]" started-at="2024-09-30T17:28:04 GMT-07:00" name="testPostUser" finished-at="2024-09-30T17:28:06 GMT-07:00" duration-ms="2222" status="PASS">
          <reporter-output>
          </reporter-output>
        </test-method> <!-- testPostUser -->
        <test-method signature="testGetUserByName()[pri:2, instance:api.test.UserTests@1d9b7cce]" started-at="2024-09-30T17:28:06 GMT-07:00" name="testGetUserByName" finished-at="2024-09-30T17:28:06 GMT-07:00" duration-ms="439" status="PASS">
          <reporter-output>
          </reporter-output>
        </test-method> <!-- testGetUserByName -->
        <test-method signature="testUpdateUserByName()[pri:3, instance:api.test.UserTests@1d9b7cce]" started-at="2024-09-30T17:28:06 GMT-07:00" name="testUpdateUserByName" finished-at="2024-09-30T17:28:07 GMT-07:00" duration-ms="850" status="PASS">
          <reporter-output>
          </reporter-output>
        </test-method> <!-- testUpdateUserByName -->
        <test-method signature="testDeleteUserByName()[pri:4, instance:api.test.UserTests@1d9b7cce]" started-at="2024-09-30T17:28:07 GMT-07:00" name="testDeleteUserByName" finished-at="2024-09-30T17:28:07 GMT-07:00" duration-ms="414" status="PASS">
          <reporter-output>
          </reporter-output>
        </test-method> <!-- testDeleteUserByName -->
      </class> <!-- api.test.UserTests -->
    </test> <!-- PetTest -->
  </suite> <!-- PetSuite -->
</testng-results>
