<?xml version="1.0" encoding="UTF-8"?>
<testng-results ignored="0" total="10" passed="10" failed="0" skipped="0">
  <reporter-output>
  </reporter-output>
  <suite started-at="2024-09-30T16:36:51 GMT-07:00" name="PetSuite" finished-at="2024-09-30T16:36:59 GMT-07:00" duration-ms="8278">
    <groups>
    </groups>
    <test started-at="2024-09-30T16:36:51 GMT-07:00" name="PetTest" finished-at="2024-09-30T16:36:59 GMT-07:00" duration-ms="8278">
      <class name="api.test.UserTests">
        <test-method is-config="true" signature="setupData()[pri:0, instance:api.test.UserTests@34123d65]" started-at="2024-09-30T16:36:51 GMT-07:00" name="setupData" finished-at="2024-09-30T16:36:51 GMT-07:00" duration-ms="200" status="PASS">
          <reporter-output>
          </reporter-output>
        </test-method> <!-- setupData -->
        <test-method signature="testPostUser()[pri:1, instance:api.test.UserTests@34123d65]" started-at="2024-09-30T16:36:51 GMT-07:00" name="testPostUser" finished-at="2024-09-30T16:36:54 GMT-07:00" duration-ms="2311" status="PASS">
          <reporter-output>
          </reporter-output>
        </test-method> <!-- testPostUser -->
        <test-method signature="testGetUserByName()[pri:2, instance:api.test.UserTests@34123d65]" started-at="2024-09-30T16:36:54 GMT-07:00" name="testGetUserByName" finished-at="2024-09-30T16:36:54 GMT-07:00" duration-ms="441" status="PASS">
          <reporter-output>
          </reporter-output>
        </test-method> <!-- testGetUserByName -->
        <test-method signature="testUpdateUserByName()[pri:3, instance:api.test.UserTests@34123d65]" started-at="2024-09-30T16:36:54 GMT-07:00" name="testUpdateUserByName" finished-at="2024-09-30T16:36:55 GMT-07:00" duration-ms="842" status="PASS">
          <reporter-output>
          </reporter-output>
        </test-method> <!-- testUpdateUserByName -->
        <test-method signature="testDeleteUserByName()[pri:4, instance:api.test.UserTests@34123d65]" started-at="2024-09-30T16:36:55 GMT-07:00" name="testDeleteUserByName" finished-at="2024-09-30T16:36:55 GMT-07:00" duration-ms="452" status="PASS">
          <reporter-output>
          </reporter-output>
        </test-method> <!-- testDeleteUserByName -->
      </class> <!-- api.test.UserTests -->
      <class name="api.test.DDTests">
        <test-method signature="testPostUser(java.lang.String,java.lang.String,java.lang.String,java.lang.String,java.lang.String,java.lang.String,java.lang.String)[pri:1, instance:api.test.DDTests@33d512c1]" started-at="2024-09-30T16:36:56 GMT-07:00" name="testPostUser" data-provider="Data" finished-at="2024-09-30T16:36:57 GMT-07:00" duration-ms="430" status="PASS">
          <params>
            <param index="0">
              <value>
                <![CDATA[1010]]>
              </value>
            </param>
            <param index="1">
              <value>
                <![CDATA[testuser1]]>
              </value>
            </param>
            <param index="2">
              <value>
                <![CDATA[John]]>
              </value>
            </param>
            <param index="3">
              <value>
                <![CDATA[Canedy]]>
              </value>
            </param>
            <param index="4">
              <value>
                <![CDATA[a@gmail.com]]>
              </value>
            </param>
            <param index="5">
              <value>
                <![CDATA[test@1]]>
              </value>
            </param>
            <param index="6">
              <value>
                <![CDATA[123456789]]>
              </value>
            </param>
          </params>
          <reporter-output>
          </reporter-output>
        </test-method> <!-- testPostUser -->
        <test-method signature="testPostUser(java.lang.String,java.lang.String,java.lang.String,java.lang.String,java.lang.String,java.lang.String,java.lang.String)[pri:1, instance:api.test.DDTests@33d512c1]" started-at="2024-09-30T16:36:57 GMT-07:00" name="testPostUser" data-provider="Data" finished-at="2024-09-30T16:36:57 GMT-07:00" duration-ms="404" status="PASS">
          <params>
            <param index="0">
              <value>
                <![CDATA[1020]]>
              </value>
            </param>
            <param index="1">
              <value>
                <![CDATA[testuser2]]>
              </value>
            </param>
            <param index="2">
              <value>
                <![CDATA[Kom]]>
              </value>
            </param>
            <param index="3">
              <value>
                <![CDATA[Kom]]>
              </value>
            </param>
            <param index="4">
              <value>
                <![CDATA[a@gmail.com]]>
              </value>
            </param>
            <param index="5">
              <value>
                <![CDATA[test@2]]>
              </value>
            </param>
            <param index="6">
              <value>
                <![CDATA[123456789]]>
              </value>
            </param>
          </params>
          <reporter-output>
          </reporter-output>
        </test-method> <!-- testPostUser -->
        <test-method signature="testPostUser(java.lang.String,java.lang.String,java.lang.String,java.lang.String,java.lang.String,java.lang.String,java.lang.String)[pri:1, instance:api.test.DDTests@33d512c1]" started-at="2024-09-30T16:36:57 GMT-07:00" name="testPostUser" data-provider="Data" finished-at="2024-09-30T16:36:58 GMT-07:00" duration-ms="410" status="PASS">
          <params>
            <param index="0">
              <value>
                <![CDATA[1030]]>
              </value>
            </param>
            <param index="1">
              <value>
                <![CDATA[testuser3]]>
              </value>
            </param>
            <param index="2">
              <value>
                <![CDATA[Smaith]]>
              </value>
            </param>
            <param index="3">
              <value>
                <![CDATA[Steve]]>
              </value>
            </param>
            <param index="4">
              <value>
                <![CDATA[a@gmail.com]]>
              </value>
            </param>
            <param index="5">
              <value>
                <![CDATA[test@3]]>
              </value>
            </param>
            <param index="6">
              <value>
                <![CDATA[123456789]]>
              </value>
            </param>
          </params>
          <reporter-output>
          </reporter-output>
        </test-method> <!-- testPostUser -->
        <test-method signature="testDeleteUserByName(java.lang.String)[pri:2, instance:api.test.DDTests@33d512c1]" started-at="2024-09-30T16:36:58 GMT-07:00" name="testDeleteUserByName" data-provider="UserNames" finished-at="2024-09-30T16:36:58 GMT-07:00" duration-ms="412" status="PASS">
          <params>
            <param index="0">
              <value>
                <![CDATA[testuser1]]>
              </value>
            </param>
          </params>
          <reporter-output>
          </reporter-output>
        </test-method> <!-- testDeleteUserByName -->
        <test-method signature="testDeleteUserByName(java.lang.String)[pri:2, instance:api.test.DDTests@33d512c1]" started-at="2024-09-30T16:36:58 GMT-07:00" name="testDeleteUserByName" data-provider="UserNames" finished-at="2024-09-30T16:36:59 GMT-07:00" duration-ms="419" status="PASS">
          <params>
            <param index="0">
              <value>
                <![CDATA[testuser2]]>
              </value>
            </param>
          </params>
          <reporter-output>
          </reporter-output>
        </test-method> <!-- testDeleteUserByName -->
        <test-method signature="testDeleteUserByName(java.lang.String)[pri:2, instance:api.test.DDTests@33d512c1]" started-at="2024-09-30T16:36:59 GMT-07:00" name="testDeleteUserByName" data-provider="UserNames" finished-at="2024-09-30T16:36:59 GMT-07:00" duration-ms="416" status="PASS">
          <params>
            <param index="0">
              <value>
                <![CDATA[testuser3]]>
              </value>
            </param>
          </params>
          <reporter-output>
          </reporter-output>
        </test-method> <!-- testDeleteUserByName -->
      </class> <!-- api.test.DDTests -->
    </test> <!-- PetTest -->
  </suite> <!-- PetSuite -->
</testng-results>
