<?xml version="1.0" encoding="UTF-8"?>
<!-- Generated by org.testng.reporters.JUnitXMLReporter -->
<testsuite ignored="0" hostname="Purva" failures="0" tests="4" name="PetTest" time="4.883" errors="0" timestamp="2024-09-30T17:28:08 GMT-07:00">
  <testcase classname="api.test.UserTests" name="testPostUser" time="2.222"/>
  <testcase classname="api.test.UserTests" name="testGetUserByName" time="0.439"/>
  <testcase classname="api.test.UserTests" name="testUpdateUserByName" time="0.85"/>
  <testcase classname="api.test.UserTests" name="testDeleteUserByName" time="0.414"/>
</testsuite> <!-- PetTest -->
