<?xml version="1.0" encoding="UTF-8"?>
<!-- Generated by org.testng.reporters.JUnitXMLReporter -->
<testsuite ignored="0" hostname="Purva" failures="0" tests="10" name="PetTest" time="8.278" errors="0" timestamp="2024-09-30T16:37:00 GMT-07:00">
  <testcase classname="api.test.UserTests" name="testPostUser" time="2.311"/>
  <testcase classname="api.test.UserTests" name="testGetUserByName" time="0.441"/>
  <testcase classname="api.test.UserTests" name="testUpdateUserByName" time="0.842"/>
  <testcase classname="api.test.UserTests" name="testDeleteUserByName" time="0.452"/>
  <testcase classname="api.test.DDTests" name="testPostUser" time="0.43"/>
  <testcase classname="api.test.DDTests" name="testPostUser" time="0.404"/>
  <testcase classname="api.test.DDTests" name="testPostUser" time="0.41"/>
  <testcase classname="api.test.DDTests" name="testDeleteUserByName" time="0.412"/>
  <testcase classname="api.test.DDTests" name="testDeleteUserByName" time="0.419"/>
  <testcase classname="api.test.DDTests" name="testDeleteUserByName" time="0.416"/>
</testsuite> <!-- PetTest -->
